2017-06-19 16:21:59,425 INFO o.a.j.u.JMeterUtils: Setting Locale to en_US
2017-06-19 16:21:59,475 INFO o.a.j.JMeter: Loading user properties from: user.properties
2017-06-19 16:21:59,482 INFO o.a.j.JMeter: Loading system properties from: system.properties
2017-06-19 16:21:59,533 INFO o.a.j.JMeter: Copyright (c) 1998-2017 The Apache Software Foundation
2017-06-19 16:21:59,533 INFO o.a.j.JMeter: Version 3.2 r1790748
2017-06-19 16:21:59,533 INFO o.a.j.JMeter: java.version=1.8.0_20
2017-06-19 16:21:59,533 INFO o.a.j.JMeter: java.vm.name=Java HotSpot(TM) 64-Bit Server VM
2017-06-19 16:21:59,533 INFO o.a.j.JMeter: os.name=Windows 7
2017-06-19 16:21:59,533 INFO o.a.j.JMeter: os.arch=amd64
2017-06-19 16:21:59,533 INFO o.a.j.JMeter: os.version=6.1
2017-06-19 16:21:59,533 INFO o.a.j.JMeter: file.encoding=Cp1252
2017-06-19 16:21:59,533 INFO o.a.j.JMeter: Max memory     =536870912
2017-06-19 16:21:59,534 INFO o.a.j.JMeter: Available Processors =4
2017-06-19 16:21:59,578 INFO o.a.j.JMeter: Default Locale=English (United States)
2017-06-19 16:21:59,578 INFO o.a.j.JMeter: JMeter  Locale=English (United States)
2017-06-19 16:21:59,578 INFO o.a.j.JMeter: JMeterHome=D:\Avantica\apache-jmeter-3.2
2017-06-19 16:21:59,578 INFO o.a.j.JMeter: user.dir  =D:\Avantica\apache-jmeter-3.2\bin
2017-06-19 16:21:59,579 INFO o.a.j.JMeter: PWD       =D:\Avantica\apache-jmeter-3.2\bin
2017-06-19 16:21:59,580 INFO o.a.j.JMeter: IP: 192.168.24.60 Name: ale-quesada FullName: ale-quesada.AVANTICA.AVANTICATEC.NET
2017-06-19 16:21:59,580 INFO o.a.j.JMeter: user.classpath=D:/Avantica/testCordero/bin
2017-06-19 16:21:59,580 INFO o.a.j.JMeter: Adding to classpath and loader: D:/Avantica/testCordero/bin
2017-06-19 16:22:00,642 INFO o.a.j.g.a.LookAndFeelCommand: Using look and feel: javax.swing.plaf.metal.MetalLookAndFeel [Metal, CrossPlatform]
2017-06-19 16:22:00,647 INFO o.a.j.JMeter: Loaded icon properties from org/apache/jmeter/images/icon.properties
2017-06-19 16:22:03,178 INFO o.a.j.e.u.CompoundVariable: Note: Function class names must contain the string: '.functions.'
2017-06-19 16:22:03,178 INFO o.a.j.e.u.CompoundVariable: Note: Function class names must not contain the string: '.gui.'
2017-06-19 16:22:15,494 INFO o.j.r.PluginManager: Plugins Status: [jmeter-ftp=3.2, jmeter-http=3.2, jmeter-jdbc=3.2, jmeter-jms=3.2, jmeter-core=3.2, jmeter-junit=3.2, jmeter-java=3.2, jmeter-ldap=3.2, jmeter-mail=3.2, jmeter-mongodb=3.2, jmeter-native=3.2, jpgc-perfmon=2.1, jpgc-plugins-manager=0.12, jpgc-webdriver=1.4.0, jmeter-tcp=3.2, jmeter-components=3.2]
2017-06-19 16:22:16,054 INFO k.a.j.JMeterPluginsUtils: JMeter-Plugins.org v.1.4.0
2017-06-19 16:22:17,175 INFO o.a.j.g.u.MenuFactory: Skipping org.apache.jmeter.assertions.BSFAssertion
2017-06-19 16:22:17,381 INFO o.a.j.g.u.MenuFactory: Skipping org.apache.jmeter.extractor.BSFPostProcessor
2017-06-19 16:22:17,433 INFO o.a.j.g.u.MenuFactory: Skipping org.apache.jmeter.modifiers.BSFPreProcessor
2017-06-19 16:22:17,483 INFO o.a.j.p.h.s.HTTPSamplerBase: Parser for text/html is org.apache.jmeter.protocol.http.parser.LagartoBasedHtmlParser
2017-06-19 16:22:17,483 INFO o.a.j.p.h.s.HTTPSamplerBase: Parser for application/xhtml+xml is org.apache.jmeter.protocol.http.parser.LagartoBasedHtmlParser
2017-06-19 16:22:17,483 INFO o.a.j.p.h.s.HTTPSamplerBase: Parser for application/xml is org.apache.jmeter.protocol.http.parser.LagartoBasedHtmlParser
2017-06-19 16:22:17,483 INFO o.a.j.p.h.s.HTTPSamplerBase: Parser for text/xml is org.apache.jmeter.protocol.http.parser.LagartoBasedHtmlParser
2017-06-19 16:22:17,483 INFO o.a.j.p.h.s.HTTPSamplerBase: Parser for text/vnd.wap.wml is org.apache.jmeter.protocol.http.parser.RegexpHTMLParser
2017-06-19 16:22:17,483 INFO o.a.j.p.h.s.HTTPSamplerBase: Parser for text/css is org.apache.jmeter.protocol.http.parser.CssParser
2017-06-19 16:22:17,730 ERROR o.a.j.e.KeyToolUtils: Exception checking for keytool existence, will return false
java.io.IOException: Cannot run program "keytool": CreateProcess error=2, The system cannot find the file specified
	at java.lang.ProcessBuilder.start(Unknown Source) ~[?:1.8.0_20]
	at org.apache.jorphan.exec.SystemCommand.run(SystemCommand.java:142) ~[jorphan.jar:3.2 r1790748]
	at org.apache.jorphan.exec.SystemCommand.run(SystemCommand.java:125) ~[jorphan.jar:3.2 r1790748]
	at org.apache.jorphan.exec.KeyToolUtils.checkKeytool(KeyToolUtils.java:436) [jorphan.jar:3.2 r1790748]
	at org.apache.jorphan.exec.KeyToolUtils.<clinit>(KeyToolUtils.java:94) [jorphan.jar:3.2 r1790748]
	at org.apache.jmeter.protocol.http.proxy.ProxyControl.<clinit>(ProxyControl.java:248) [ApacheJMeter_http.jar:3.2 r1790748]
	at org.apache.jmeter.protocol.http.proxy.gui.ProxyControlGui.createPortPanel(ProxyControlGui.java:708) [ApacheJMeter_http.jar:3.2 r1790748]
	at org.apache.jmeter.protocol.http.proxy.gui.ProxyControlGui.init(ProxyControlGui.java:664) [ApacheJMeter_http.jar:3.2 r1790748]
	at org.apache.jmeter.protocol.http.proxy.gui.ProxyControlGui.<init>(ProxyControlGui.java:239) [ApacheJMeter_http.jar:3.2 r1790748]
	at sun.reflect.NativeConstructorAccessorImpl.newInstance0(Native Method) ~[?:1.8.0_20]
	at sun.reflect.NativeConstructorAccessorImpl.newInstance(Unknown Source) [?:1.8.0_20]
	at sun.reflect.DelegatingConstructorAccessorImpl.newInstance(Unknown Source) [?:1.8.0_20]
	at java.lang.reflect.Constructor.newInstance(Unknown Source) [?:1.8.0_20]
	at java.lang.Class.newInstance(Unknown Source) [?:1.8.0_20]
	at org.apache.jmeter.gui.util.MenuFactory.initializeMenus(MenuFactory.java:505) [ApacheJMeter_core.jar:3.2 r1790748]
	at org.apache.jmeter.gui.util.MenuFactory.<clinit>(MenuFactory.java:169) [ApacheJMeter_core.jar:3.2 r1790748]
	at org.apache.jmeter.control.gui.WorkBenchGui.createPopupMenu(WorkBenchGui.java:119) [ApacheJMeter_core.jar:3.2 r1790748]
	at org.apache.jmeter.gui.tree.JMeterTreeNode.createPopupMenu(JMeterTreeNode.java:156) [ApacheJMeter_core.jar:3.2 r1790748]
	at org.apache.jmeter.gui.action.EditCommand.doAction(EditCommand.java:46) [ApacheJMeter_core.jar:3.2 r1790748]
	at org.apache.jmeter.gui.action.ActionRouter.performAction(ActionRouter.java:74) [ApacheJMeter_core.jar:3.2 r1790748]
	at org.apache.jmeter.gui.action.ActionRouter.lambda$actionPerformed$0(ActionRouter.java:59) [ApacheJMeter_core.jar:3.2 r1790748]
	at org.apache.jmeter.gui.action.ActionRouter$$Lambda$40/197195067.run(Unknown Source) [ApacheJMeter_core.jar:3.2 r1790748]
	at java.awt.event.InvocationEvent.dispatch(Unknown Source) [?:1.8.0_20]
	at java.awt.EventQueue.dispatchEventImpl(Unknown Source) [?:1.8.0_20]
	at java.awt.EventQueue.access$400(Unknown Source) [?:1.8.0_20]
	at java.awt.EventQueue$3.run(Unknown Source) [?:1.8.0_20]
	at java.awt.EventQueue$3.run(Unknown Source) [?:1.8.0_20]
	at java.security.AccessController.doPrivileged(Native Method) ~[?:1.8.0_20]
	at java.security.ProtectionDomain$1.doIntersectionPrivilege(Unknown Source) [?:1.8.0_20]
	at java.awt.EventQueue.dispatchEvent(Unknown Source) [?:1.8.0_20]
	at java.awt.EventDispatchThread.pumpOneEventForFilters(Unknown Source) [?:1.8.0_20]
	at java.awt.EventDispatchThread.pumpEventsForFilter(Unknown Source) [?:1.8.0_20]
	at java.awt.EventDispatchThread.pumpEventsForHierarchy(Unknown Source) [?:1.8.0_20]
	at java.awt.EventDispatchThread.pumpEvents(Unknown Source) [?:1.8.0_20]
	at java.awt.EventDispatchThread.pumpEvents(Unknown Source) [?:1.8.0_20]
	at java.awt.EventDispatchThread.run(Unknown Source) [?:1.8.0_20]
Caused by: java.io.IOException: CreateProcess error=2, The system cannot find the file specified
	at java.lang.ProcessImpl.create(Native Method) ~[?:1.8.0_20]
	at java.lang.ProcessImpl.<init>(Unknown Source) ~[?:1.8.0_20]
	at java.lang.ProcessImpl.start(Unknown Source) ~[?:1.8.0_20]
	... 36 more
2017-06-19 16:22:18,005 INFO o.a.j.e.KeyToolUtils: keytool found at 'C:\Program Files\Java\jre1.8.0_20\bin\keytool'
2017-06-19 16:22:18,006 INFO o.a.j.p.h.p.ProxyControl: HTTP(S) Test Script Recorder SSL Proxy will use keys that support embedded 3rd party resources in file D:\Avantica\apache-jmeter-3.2\bin\proxyserver.jks
2017-06-19 16:22:18,244 INFO o.a.j.g.u.MenuFactory: Skipping org.apache.jmeter.protocol.java.sampler.BSFSampler
2017-06-19 16:22:18,307 INFO o.a.j.s.FileServer: Default base='D:\Avantica\apache-jmeter-3.2\bin'
2017-06-19 16:22:18,467 INFO o.a.j.g.u.MenuFactory: Skipping org.apache.jmeter.protocol.mongodb.config.MongoSourceElement
2017-06-19 16:22:18,467 INFO o.a.j.g.u.MenuFactory: Skipping org.apache.jmeter.protocol.mongodb.sampler.MongoScriptSampler
2017-06-19 16:22:18,909 INFO o.a.j.g.u.MenuFactory: Skipping org.apache.jmeter.timers.BSFTimer
2017-06-19 16:22:18,988 INFO o.a.j.g.u.MenuFactory: Skipping org.apache.jmeter.visualizers.BSFListener
2017-06-19 16:22:19,203 INFO o.a.j.s.SampleResult: Note: Sample TimeStamps are START times
2017-06-19 16:22:19,204 INFO o.a.j.s.SampleResult: sampleresult.default.encoding is set to ISO-8859-1
2017-06-19 16:22:19,204 INFO o.a.j.s.SampleResult: sampleresult.useNanoTime=true
2017-06-19 16:22:19,204 INFO o.a.j.s.SampleResult: sampleresult.nanoThreadSleep=5000
2017-06-19 16:22:30,192 INFO o.a.j.g.a.Load: Loading file: D:\Avantica\Projects\BCR\BCR Bienes\Entregable 1 - Scripts de carga y monitoreo web\Monitoreo web\BCR-BienesAdquiridos_MonitoreoWeb.jmx
2017-06-19 16:22:30,193 INFO o.a.j.s.FileServer: Set new base='D:\Avantica\Projects\BCR\BCR Bienes\Entregable 1 - Scripts de carga y monitoreo web\Monitoreo web'
2017-06-19 16:22:30,385 INFO o.a.j.s.SaveService: Testplan (JMX) version: 2.2. Testlog (JTL) version: 2.2
2017-06-19 16:22:30,395 INFO o.a.j.s.SaveService: Using SaveService properties file encoding UTF-8
2017-06-19 16:22:30,397 INFO o.a.j.s.SaveService: Using SaveService properties version 3.2
2017-06-19 16:22:30,399 INFO o.a.j.s.SaveService: Loading file: D:\Avantica\Projects\BCR\BCR Bienes\Entregable 1 - Scripts de carga y monitoreo web\Monitoreo web\BCR-BienesAdquiridos_MonitoreoWeb.jmx
2017-06-19 16:22:30,433 INFO o.a.j.p.h.c.CookieManager: Settings: Delete null: true Check: true Allow variable: true Save: false Prefix: COOKIE_
2017-06-19 16:22:31,011 INFO o.a.j.s.FileServer: Set new base='D:\Avantica\Projects\BCR\BCR Bienes\Entregable 1 - Scripts de carga y monitoreo web\Monitoreo web'
2017-06-20 11:12:28,418 INFO o.a.j.g.a.Load: Loading file: D:\Avantica\Projects\Interno\capacitaciones de performance\CSV y FileUpload.jmx
2017-06-20 11:12:28,419 INFO o.a.j.s.FileServer: Set new base='D:\Avantica\Projects\Interno\capacitaciones de performance'
2017-06-20 11:12:28,419 INFO o.a.j.s.SaveService: Loading file: D:\Avantica\Projects\Interno\capacitaciones de performance\CSV y FileUpload.jmx
2017-06-20 11:12:28,468 INFO o.a.j.p.h.c.CacheManager: Will only cache the following methods: [GET]
2017-06-20 11:12:29,021 INFO o.a.j.s.FileServer: Set new base='D:\Avantica\Projects\Interno\capacitaciones de performance'
2017-06-22 11:49:32,086 INFO o.a.j.g.a.Load: Loading file: D:\Avantica\Projects\Interno\capacitaciones de performance\CSV y FileUpload.jmx
2017-06-22 11:49:32,087 INFO o.a.j.s.FileServer: Set new base='D:\Avantica\Projects\Interno\capacitaciones de performance'
2017-06-22 11:49:32,087 INFO o.a.j.s.SaveService: Loading file: D:\Avantica\Projects\Interno\capacitaciones de performance\CSV y FileUpload.jmx
2017-06-22 11:49:33,005 INFO o.a.j.s.FileServer: Set new base='D:\Avantica\Projects\Interno\capacitaciones de performance'
